<?xml version="1.0" encoding="UTF-8"?>
<!-- Generated by org.testng.reporters.JUnitXMLReporter -->
<testsuite ignored="0" hostname="DESKTOP-L042VK9" failures="0" tests="6" name="Default test" time="16.066" errors="0" timestamp="2022-04-16T15:02:17 IST">
  <testcase classname="fnp.Fernspetal" name="@BeforeClass beforeClass" time="-1.650101521073E9">
    <failure type="org.testng.TestNGException" message="
Parameter &amp;apos;browser&amp;apos; is required by BeforeClass on method beforeClass but has not been marked @Optional or defined
in C:\Users\kps\AppData\Local\Temp\testng-eclipse-23470877\testng-customsuite.xml">
      <![CDATA[org.testng.TestNGException: 
Parameter 'browser' is required by BeforeClass on method beforeClass but has not been marked @Optional or defined
in C:\Users\kps\AppData\Local\Temp\testng-eclipse-23470877\testng-customsuite.xml
at org.testng.internal.Parameters.createParams(Parameters.java:272)
at org.testng.internal.Parameters.createParametersForMethod(Parameters.java:360)
at org.testng.internal.Parameters.createParameters(Parameters.java:704)
at org.testng.internal.Parameters.createConfigurationParameters(Parameters.java:166)
at org.testng.internal.ConfigInvoker.invokeConfigurations(ConfigInvoker.java:283)
at org.testng.internal.TestMethodWorker.invokeBeforeClassMethods(TestMethodWorker.java:176)
at org.testng.internal.TestMethodWorker.run(TestMethodWorker.java:122)
at java.base/java.util.ArrayList.forEach(ArrayList.java:1511)
at org.testng.TestRunner.privateRun(TestRunner.java:766)
at org.testng.TestRunner.run(TestRunner.java:587)
at org.testng.SuiteRunner.runTest(SuiteRunner.java:384)
at org.testng.SuiteRunner.runSequentially(SuiteRunner.java:378)
at org.testng.SuiteRunner.privateRun(SuiteRunner.java:337)
at org.testng.SuiteRunner.run(SuiteRunner.java:286)
at org.testng.SuiteRunnerWorker.runSuite(SuiteRunnerWorker.java:53)
at org.testng.SuiteRunnerWorker.run(SuiteRunnerWorker.java:96)
at org.testng.TestNG.runSuitesSequentially(TestNG.java:1187)
at org.testng.TestNG.runSuitesLocally(TestNG.java:1109)
at org.testng.TestNG.runSuites(TestNG.java:1039)
at org.testng.TestNG.run(TestNG.java:1007)
at org.testng.remote.AbstractRemoteTestNG.run(AbstractRemoteTestNG.java:115)
at org.testng.remote.RemoteTestNG.initAndRun(RemoteTestNG.java:251)
at org.testng.remote.RemoteTestNG.main(RemoteTestNG.java:77)
]]>
    </failure>
  </testcase> <!-- @BeforeClass beforeClass -->
  <testcase classname="fnp.Fernspetal" name="@AfterClass afterClass" time="-1.650101537074E9">
    <skipped/>
  </testcase> <!-- @AfterClass afterClass -->
  <testcase classname="fnp.Fernspetal" name="login" time="0.0">
    <skipped/>
  </testcase> <!-- login -->
  <testcase classname="fnp.Fernspetal" name="login" time="0.0">
    <skipped/>
  </testcase> <!-- login -->
  <testcase classname="fnp.Fernspetal" name="login" time="0.0">
    <skipped/>
  </testcase> <!-- login -->
  <testcase classname="fnp.Fernspetal" name="login" time="0.0">
    <skipped/>
  </testcase> <!-- login -->
  <testcase classname="fnp.Fernspetal" name="login" time="0.0">
    <skipped/>
  </testcase> <!-- login -->
  <testcase classname="fnp.Fernspetal" name="order" time="0.0">
    <skipped/>
  </testcase> <!-- order -->
</testsuite> <!-- Default test -->
